<?xml version="1.0" encoding="UTF-8"?>
<robot generator="Robot 3.2.1 (Python 3.8.3 on darwin)" generated="20200726 20:19:08.135" rpa="false">
<suite id="s1" name="Login" source="/Users/mairacelestino/roboweek/ninjachef/mobile/tests/login.robot">
<test id="s1-t1" name="Acessar o cardapio">
<kw name="Open Session" library="base" type="setup">
<kw name="Open Application" library="AppiumLibrary">
<doc>Opens a new application to given Appium server.
Capabilities of appium server, Android and iOS,
Please check https://github.com/appium/appium/blob/master/docs/en/writing-running-appium/server-args.md
| *Option*            | *Man.* | *Description*     |
| remote_url          | Yes    | Appium server url |
| alias               | no     | alias             |</doc>
<arguments>
<arg>http://localhost:4723/wd/hub</arg>
<arg>automationName=UiAutomator2</arg>
<arg>platformName=Android</arg>
<arg>deviceName=Emulator</arg>
<arg>app=${EXECDIR}/app/ninjachef.apk</arg>
<arg>udid=emulator-5554</arg>
<arg>adbExecTimeout=120000</arg>
</arguments>
<status status="PASS" starttime="20200726 20:19:08.489" endtime="20200726 20:19:19.320"></status>
</kw>
<status status="PASS" starttime="20200726 20:19:08.488" endtime="20200726 20:19:19.320"></status>
</kw>
<kw name="Dado que desejo comer &quot;Massas&quot;" library="kws">
<kw name="Set Test Variable" library="BuiltIn">
<doc>Makes a variable available everywhere within the scope of the current test.</doc>
<arguments>
<arg>${pratos}</arg>
</arguments>
<msg timestamp="20200726 20:19:19.321" level="INFO">${pratos} = Massas</msg>
<status status="PASS" starttime="20200726 20:19:19.321" endtime="20200726 20:19:19.321"></status>
</kw>
<status status="PASS" starttime="20200726 20:19:19.320" endtime="20200726 20:19:19.322"></status>
</kw>
<kw name="Quando submeto meu email &quot;papito@qaninja.com.br&quot;" library="kws">
<kw name="Wait Until Page Contains" library="AppiumLibrary">
<doc>Waits until `text` appears on current page.</doc>
<arguments>
<arg>Buscar Prato</arg>
<arg>10</arg>
</arguments>
<status status="PASS" starttime="20200726 20:19:19.322" endtime="20200726 20:19:21.729"></status>
</kw>
<kw name="Input Text" library="AppiumLibrary">
<doc>Types the given `text` into text field identified by `locator`.</doc>
<arguments>
<arg>accessibility_id=emailInput</arg>
<arg>${email}</arg>
</arguments>
<msg timestamp="20200726 20:19:21.730" level="INFO">Typing text 'papito@qaninja.com.br' into text field 'accessibility_id=emailInput'</msg>
<status status="PASS" starttime="20200726 20:19:21.729" endtime="20200726 20:19:22.286"></status>
</kw>
<kw name="Input Text" library="AppiumLibrary">
<doc>Types the given `text` into text field identified by `locator`.</doc>
<arguments>
<arg>accessibility_id=plateInput</arg>
<arg>${pratos}</arg>
</arguments>
<msg timestamp="20200726 20:19:22.287" level="INFO">Typing text 'Massas' into text field 'accessibility_id=plateInput'</msg>
<status status="PASS" starttime="20200726 20:19:22.286" endtime="20200726 20:19:22.820"></status>
</kw>
<kw name="Click Text" library="AppiumLibrary">
<doc>Click text identified by ``text``.</doc>
<arguments>
<arg>Buscar Prato</arg>
</arguments>
<status status="PASS" starttime="20200726 20:19:22.820" endtime="20200726 20:19:23.547"></status>
</kw>
<status status="PASS" starttime="20200726 20:19:19.322" endtime="20200726 20:19:23.547"></status>
</kw>
<kw name="Entao devo ver a lista de pratos por tipo" library="kws">
<kw name="Wait Until Page Contains" library="AppiumLibrary">
<doc>Waits until `text` appears on current page.</doc>
<arguments>
<arg>Fome de ${pratos}</arg>
</arguments>
<status status="PASS" starttime="20200726 20:19:23.548" endtime="20200726 20:19:28.377"></status>
</kw>
<status status="PASS" starttime="20200726 20:19:23.547" endtime="20200726 20:19:28.377"></status>
</kw>
<kw name="Close Session" library="base" type="teardown">
<kw name="Capture Page Screenshot" library="AppiumLibrary">
<doc>Takes a screenshot of the current page and embeds it into the log.</doc>
<msg timestamp="20200726 20:19:28.883" level="INFO" html="yes">&lt;/td&gt;&lt;/tr&gt;&lt;tr&gt;&lt;td colspan="3"&gt;&lt;a href="appium-screenshot-1.png"&gt;&lt;img src="appium-screenshot-1.png" width="800px"&gt;&lt;/a&gt;</msg>
<status status="PASS" starttime="20200726 20:19:28.378" endtime="20200726 20:19:28.883"></status>
</kw>
<kw name="Close Application" library="AppiumLibrary">
<doc>Closes the current application and also close webdriver session.</doc>
<status status="PASS" starttime="20200726 20:19:28.883" endtime="20200726 20:19:29.475"></status>
</kw>
<status status="PASS" starttime="20200726 20:19:28.378" endtime="20200726 20:19:29.475"></status>
</kw>
<status status="PASS" starttime="20200726 20:19:08.488" endtime="20200726 20:19:29.475" critical="yes"></status>
</test>
<doc>Testes do Login no NinjaChef Mobile</doc>
<status status="PASS" starttime="20200726 20:19:08.136" endtime="20200726 20:19:29.478"></status>
</suite>
<statistics>
<total>
<stat pass="1" fail="0">Critical Tests</stat>
<stat pass="1" fail="0">All Tests</stat>
</total>
<tag>
</tag>
<suite>
<stat pass="1" fail="0" id="s1" name="Login">Login</stat>
</suite>
</statistics>
<errors>
</errors>
</robot>
