<?xml version="1.0" encoding="UTF-8"?>
<robot generator="Robot 3.2.1 (Python 3.8.3 on darwin)" generated="20200713 20:15:58.747" rpa="false">
<suite id="s1" name="Tests" source="/Users/mairacelestino/roboweek/ninjachef/tests">
<suite id="s1-s1" name="Cadastro-Usuario" source="/Users/mairacelestino/roboweek/ninjachef/tests/cadastro-usuario.robot">
<test id="s1-s1-t1" name="Cadastro simples">
<kw name="Open Session" library="base" type="setup">
<kw name="Open Browser" library="SeleniumLibrary">
<doc>Opens a new browser instance to the optional ``url``.</doc>
<arguments>
<arg>about:blank</arg>
<arg>chrome</arg>
</arguments>
<msg timestamp="20200713 20:15:59.000" level="INFO">Opening browser 'chrome' to base url 'about:blank'.</msg>
<status status="PASS" starttime="20200713 20:15:59.000" endtime="20200713 20:16:01.294"></status>
</kw>
<status status="PASS" starttime="20200713 20:15:59.000" endtime="20200713 20:16:01.294"></status>
</kw>
<kw name="Dado que acesso a página principal" library="kws">
<kw name="Go To" library="SeleniumLibrary">
<doc>Navigates the current browser window to the provided ``url``.</doc>
<arguments>
<arg>${base_url}</arg>
</arguments>
<msg timestamp="20200713 20:16:01.297" level="INFO">Opening url 'http://ninjachef-qaninja-io.umbler.net/'</msg>
<status status="PASS" starttime="20200713 20:16:01.296" endtime="20200713 20:16:04.872"></status>
</kw>
<status status="PASS" starttime="20200713 20:16:01.295" endtime="20200713 20:16:04.872"></status>
</kw>
<kw name="Quando submeto o meu email &quot;joao@hotmail.com&quot;" library="kws">
<kw name="Input Text" library="SeleniumLibrary">
<doc>Types the given ``text`` into the text field identified by ``locator``.</doc>
<arguments>
<arg>${CAMPO_EMAIL}</arg>
<arg>${email}</arg>
</arguments>
<msg timestamp="20200713 20:16:04.874" level="INFO">Typing text 'joao@hotmail.com' into text field 'id:email'.</msg>
<status status="PASS" starttime="20200713 20:16:04.873" endtime="20200713 20:16:05.117"></status>
</kw>
<kw name="Click Element" library="SeleniumLibrary">
<doc>Click the element identified by ``locator``.</doc>
<arguments>
<arg>${BOTAO_ENTRAR}</arg>
</arguments>
<msg timestamp="20200713 20:16:05.117" level="INFO">Clicking element 'css:button[type=submit]'.</msg>
<status status="PASS" starttime="20200713 20:16:05.117" endtime="20200713 20:16:05.164"></status>
</kw>
<kw name="Sleep" library="BuiltIn">
<doc>Pauses the test executed for the given time.</doc>
<arguments>
<arg>5</arg>
</arguments>
<msg timestamp="20200713 20:16:10.165" level="INFO">Slept 5 seconds</msg>
<status status="PASS" starttime="20200713 20:16:05.164" endtime="20200713 20:16:10.165"></status>
</kw>
<status status="PASS" starttime="20200713 20:16:04.873" endtime="20200713 20:16:10.166"></status>
</kw>
<kw name="Então devo ser autenticado" library="kws">
<kw name="Wait Until Page Contains Element" library="SeleniumLibrary">
<doc>Waits until the element ``locator`` appears on the current page.</doc>
<arguments>
<arg>${DIV_DASH}</arg>
</arguments>
<status status="PASS" starttime="20200713 20:16:10.167" endtime="20200713 20:16:10.179"></status>
</kw>
<status status="PASS" starttime="20200713 20:16:10.167" endtime="20200713 20:16:10.179"></status>
</kw>
<kw name="Close Session" library="base" type="teardown">
<kw name="Capture Page Screenshot" library="SeleniumLibrary">
<doc>Takes a screenshot of the current page and embeds it into a log file.</doc>
<msg timestamp="20200713 20:16:10.945" level="INFO" html="yes">&lt;/td&gt;&lt;/tr&gt;&lt;tr&gt;&lt;td colspan="3"&gt;&lt;a href="selenium-screenshot-26.png"&gt;&lt;img src="selenium-screenshot-26.png" width="800px"&gt;&lt;/a&gt;</msg>
<status status="PASS" starttime="20200713 20:16:10.181" endtime="20200713 20:16:10.945"></status>
</kw>
<kw name="Close Browser" library="SeleniumLibrary">
<doc>Closes the current browser.</doc>
<status status="PASS" starttime="20200713 20:16:10.945" endtime="20200713 20:16:11.025"></status>
</kw>
<status status="PASS" starttime="20200713 20:16:10.180" endtime="20200713 20:16:11.025"></status>
</kw>
<status status="PASS" starttime="20200713 20:15:58.999" endtime="20200713 20:16:11.025" critical="yes"></status>
</test>
<test id="s1-s1-t2" name="Email incorreto">
<kw name="Open Session" library="base" type="setup">
<kw name="Open Browser" library="SeleniumLibrary">
<doc>Opens a new browser instance to the optional ``url``.</doc>
<arguments>
<arg>about:blank</arg>
<arg>chrome</arg>
</arguments>
<msg timestamp="20200713 20:16:11.029" level="INFO">Opening browser 'chrome' to base url 'about:blank'.</msg>
<status status="PASS" starttime="20200713 20:16:11.029" endtime="20200713 20:16:13.257"></status>
</kw>
<status status="PASS" starttime="20200713 20:16:11.028" endtime="20200713 20:16:13.258"></status>
</kw>
<kw name="Dado que acesso a página principal" library="kws">
<kw name="Go To" library="SeleniumLibrary">
<doc>Navigates the current browser window to the provided ``url``.</doc>
<arguments>
<arg>${base_url}</arg>
</arguments>
<msg timestamp="20200713 20:16:13.260" level="INFO">Opening url 'http://ninjachef-qaninja-io.umbler.net/'</msg>
<status status="PASS" starttime="20200713 20:16:13.260" endtime="20200713 20:16:17.217"></status>
</kw>
<status status="PASS" starttime="20200713 20:16:13.259" endtime="20200713 20:16:17.218"></status>
</kw>
<kw name="Quando submeto o meu email &quot;joao&amp;yahoo.com&quot;" library="kws">
<kw name="Input Text" library="SeleniumLibrary">
<doc>Types the given ``text`` into the text field identified by ``locator``.</doc>
<arguments>
<arg>${CAMPO_EMAIL}</arg>
<arg>${email}</arg>
</arguments>
<msg timestamp="20200713 20:16:17.219" level="INFO">Typing text 'joao&amp;yahoo.com' into text field 'id:email'.</msg>
<status status="PASS" starttime="20200713 20:16:17.218" endtime="20200713 20:16:17.425"></status>
</kw>
<kw name="Click Element" library="SeleniumLibrary">
<doc>Click the element identified by ``locator``.</doc>
<arguments>
<arg>${BOTAO_ENTRAR}</arg>
</arguments>
<msg timestamp="20200713 20:16:17.425" level="INFO">Clicking element 'css:button[type=submit]'.</msg>
<status status="PASS" starttime="20200713 20:16:17.425" endtime="20200713 20:16:22.528"></status>
</kw>
<kw name="Sleep" library="BuiltIn">
<doc>Pauses the test executed for the given time.</doc>
<arguments>
<arg>5</arg>
</arguments>
<msg timestamp="20200713 20:16:27.529" level="INFO">Slept 5 seconds</msg>
<status status="PASS" starttime="20200713 20:16:22.528" endtime="20200713 20:16:27.529"></status>
</kw>
<status status="PASS" starttime="20200713 20:16:17.218" endtime="20200713 20:16:27.529"></status>
</kw>
<kw name="Então devo ver a mensagem &quot;Oops. Informe um email válido!&quot;" library="kws">
<kw name="Wait Until Element Contains" library="SeleniumLibrary">
<doc>Waits until the element ``locator`` contains ``text``.</doc>
<arguments>
<arg>${DIV_ALERT}</arg>
<arg>${expect_message}</arg>
</arguments>
<status status="PASS" starttime="20200713 20:16:27.530" endtime="20200713 20:16:27.558"></status>
</kw>
<status status="PASS" starttime="20200713 20:16:27.529" endtime="20200713 20:16:27.558"></status>
</kw>
<kw name="Close Session" library="base" type="teardown">
<kw name="Capture Page Screenshot" library="SeleniumLibrary">
<doc>Takes a screenshot of the current page and embeds it into a log file.</doc>
<msg timestamp="20200713 20:16:28.450" level="INFO" html="yes">&lt;/td&gt;&lt;/tr&gt;&lt;tr&gt;&lt;td colspan="3"&gt;&lt;a href="selenium-screenshot-27.png"&gt;&lt;img src="selenium-screenshot-27.png" width="800px"&gt;&lt;/a&gt;</msg>
<status status="PASS" starttime="20200713 20:16:27.559" endtime="20200713 20:16:28.450"></status>
</kw>
<kw name="Close Browser" library="SeleniumLibrary">
<doc>Closes the current browser.</doc>
<status status="PASS" starttime="20200713 20:16:28.450" endtime="20200713 20:16:28.532"></status>
</kw>
<status status="PASS" starttime="20200713 20:16:27.559" endtime="20200713 20:16:28.532"></status>
</kw>
<status status="PASS" starttime="20200713 20:16:11.026" endtime="20200713 20:16:28.532" critical="yes"></status>
</test>
<test id="s1-s1-t3" name="Email não informado">
<kw name="Open Session" library="base" type="setup">
<kw name="Open Browser" library="SeleniumLibrary">
<doc>Opens a new browser instance to the optional ``url``.</doc>
<arguments>
<arg>about:blank</arg>
<arg>chrome</arg>
</arguments>
<msg timestamp="20200713 20:16:28.536" level="INFO">Opening browser 'chrome' to base url 'about:blank'.</msg>
<status status="PASS" starttime="20200713 20:16:28.535" endtime="20200713 20:16:30.623"></status>
</kw>
<status status="PASS" starttime="20200713 20:16:28.535" endtime="20200713 20:16:30.624"></status>
</kw>
<kw name="Dado que acesso a página principal" library="kws">
<kw name="Go To" library="SeleniumLibrary">
<doc>Navigates the current browser window to the provided ``url``.</doc>
<arguments>
<arg>${base_url}</arg>
</arguments>
<msg timestamp="20200713 20:16:30.625" level="INFO">Opening url 'http://ninjachef-qaninja-io.umbler.net/'</msg>
<status status="PASS" starttime="20200713 20:16:30.625" endtime="20200713 20:16:46.503"></status>
</kw>
<status status="PASS" starttime="20200713 20:16:30.624" endtime="20200713 20:16:46.504"></status>
</kw>
<kw name="Quando submeto o meu email &quot;${EMPTY}&quot;" library="kws">
<kw name="Input Text" library="SeleniumLibrary">
<doc>Types the given ``text`` into the text field identified by ``locator``.</doc>
<arguments>
<arg>${CAMPO_EMAIL}</arg>
<arg>${email}</arg>
</arguments>
<msg timestamp="20200713 20:16:46.505" level="INFO">Typing text '' into text field 'id:email'.</msg>
<status status="PASS" starttime="20200713 20:16:46.505" endtime="20200713 20:16:46.574"></status>
</kw>
<kw name="Click Element" library="SeleniumLibrary">
<doc>Click the element identified by ``locator``.</doc>
<arguments>
<arg>${BOTAO_ENTRAR}</arg>
</arguments>
<msg timestamp="20200713 20:16:46.574" level="INFO">Clicking element 'css:button[type=submit]'.</msg>
<status status="PASS" starttime="20200713 20:16:46.574" endtime="20200713 20:16:51.759"></status>
</kw>
<kw name="Sleep" library="BuiltIn">
<doc>Pauses the test executed for the given time.</doc>
<arguments>
<arg>5</arg>
</arguments>
<msg timestamp="20200713 20:16:56.760" level="INFO">Slept 5 seconds</msg>
<status status="PASS" starttime="20200713 20:16:51.759" endtime="20200713 20:16:56.761"></status>
</kw>
<status status="PASS" starttime="20200713 20:16:46.504" endtime="20200713 20:16:56.761"></status>
</kw>
<kw name="Então devo ver a mensagem &quot;Oops. Informe um email válido!&quot;" library="kws">
<kw name="Wait Until Element Contains" library="SeleniumLibrary">
<doc>Waits until the element ``locator`` contains ``text``.</doc>
<arguments>
<arg>${DIV_ALERT}</arg>
<arg>${expect_message}</arg>
</arguments>
<status status="PASS" starttime="20200713 20:16:56.762" endtime="20200713 20:16:56.788"></status>
</kw>
<status status="PASS" starttime="20200713 20:16:56.761" endtime="20200713 20:16:56.788"></status>
</kw>
<kw name="Close Session" library="base" type="teardown">
<kw name="Capture Page Screenshot" library="SeleniumLibrary">
<doc>Takes a screenshot of the current page and embeds it into a log file.</doc>
<msg timestamp="20200713 20:16:57.845" level="INFO" html="yes">&lt;/td&gt;&lt;/tr&gt;&lt;tr&gt;&lt;td colspan="3"&gt;&lt;a href="selenium-screenshot-28.png"&gt;&lt;img src="selenium-screenshot-28.png" width="800px"&gt;&lt;/a&gt;</msg>
<status status="PASS" starttime="20200713 20:16:56.789" endtime="20200713 20:16:57.845"></status>
</kw>
<kw name="Close Browser" library="SeleniumLibrary">
<doc>Closes the current browser.</doc>
<status status="PASS" starttime="20200713 20:16:57.845" endtime="20200713 20:16:57.927"></status>
</kw>
<status status="PASS" starttime="20200713 20:16:56.788" endtime="20200713 20:16:57.928"></status>
</kw>
<status status="PASS" starttime="20200713 20:16:28.533" endtime="20200713 20:16:57.928" critical="yes"></status>
</test>
<doc>Suite dos testes de cadastro</doc>
<status status="PASS" starttime="20200713 20:15:58.776" endtime="20200713 20:16:57.930"></status>
</suite>
<suite id="s1-s2" name="Produtos" source="/Users/mairacelestino/roboweek/ninjachef/tests/produtos.robot">
<test id="s1-s2-t1" name="Novo prato">
<kw name="Login Session" library="helpers" type="setup">
<arguments>
<arg>papito@yhaoo.com</arg>
</arguments>
<kw name="Open Session" library="base">
<kw name="Open Browser" library="SeleniumLibrary">
<doc>Opens a new browser instance to the optional ``url``.</doc>
<arguments>
<arg>about:blank</arg>
<arg>chrome</arg>
</arguments>
<msg timestamp="20200713 20:16:57.948" level="INFO">Opening browser 'chrome' to base url 'about:blank'.</msg>
<status status="PASS" starttime="20200713 20:16:57.947" endtime="20200713 20:17:00.095"></status>
</kw>
<status status="PASS" starttime="20200713 20:16:57.947" endtime="20200713 20:17:00.096"></status>
</kw>
<kw name="Go To" library="SeleniumLibrary">
<doc>Navigates the current browser window to the provided ``url``.</doc>
<arguments>
<arg>${base_url}</arg>
</arguments>
<msg timestamp="20200713 20:17:00.097" level="INFO">Opening url 'http://ninjachef-qaninja-io.umbler.net/'</msg>
<status status="PASS" starttime="20200713 20:17:00.096" endtime="20200713 20:17:07.352"></status>
</kw>
<kw name="Input Text" library="SeleniumLibrary">
<doc>Types the given ``text`` into the text field identified by ``locator``.</doc>
<arguments>
<arg>${CAMPO_EMAIL}</arg>
<arg>${email}</arg>
</arguments>
<msg timestamp="20200713 20:17:07.355" level="INFO">Typing text 'papito@yhaoo.com' into text field 'id:email'.</msg>
<status status="PASS" starttime="20200713 20:17:07.353" endtime="20200713 20:17:07.594"></status>
</kw>
<kw name="Click Element" library="SeleniumLibrary">
<doc>Click the element identified by ``locator``.</doc>
<arguments>
<arg>${BOTAO_ENTRAR}</arg>
</arguments>
<msg timestamp="20200713 20:17:07.594" level="INFO">Clicking element 'css:button[type=submit]'.</msg>
<status status="PASS" starttime="20200713 20:17:07.594" endtime="20200713 20:17:07.640"></status>
</kw>
<kw name="Sleep" library="BuiltIn">
<doc>Pauses the test executed for the given time.</doc>
<arguments>
<arg>5</arg>
</arguments>
<msg timestamp="20200713 20:17:12.642" level="INFO">Slept 5 seconds</msg>
<status status="PASS" starttime="20200713 20:17:07.640" endtime="20200713 20:17:12.642"></status>
</kw>
<kw name="Wait Until Page Contains Element" library="SeleniumLibrary">
<doc>Waits until the element ``locator`` appears on the current page.</doc>
<arguments>
<arg>${DIV_DASH}</arg>
</arguments>
<status status="PASS" starttime="20200713 20:17:12.642" endtime="20200713 20:17:12.652"></status>
</kw>
<status status="PASS" starttime="20200713 20:16:57.946" endtime="20200713 20:17:12.652"></status>
</kw>
<kw name="Dado que &quot;&amp;{nhoque}&quot; é um dos meus pratos" library="kws">
<kw name="Set Test Variable" library="BuiltIn">
<doc>Makes a variable available everywhere within the scope of the current test.</doc>
<arguments>
<arg>${produto}</arg>
</arguments>
<msg timestamp="20200713 20:17:12.653" level="INFO">${produto} = {'img': 'nnhoque.jpg', 'nome': 'Nnhoque molho párpica', 'tipo': 'Massas', 'preco': '20.00'}</msg>
<status status="PASS" starttime="20200713 20:17:12.653" endtime="20200713 20:17:12.653"></status>
</kw>
<status status="PASS" starttime="20200713 20:17:12.652" endtime="20200713 20:17:12.653"></status>
</kw>
<kw name="Quando faço o cadastro desse item" library="kws">
<kw name="Wait Until Element Is Visible" library="SeleniumLibrary">
<doc>Waits until the element ``locator`` is visible.</doc>
<arguments>
<arg>${BOTAO_ADD}</arg>
<arg>5</arg>
</arguments>
<status status="PASS" starttime="20200713 20:17:12.654" endtime="20200713 20:17:12.678"></status>
</kw>
<kw name="Click Element" library="SeleniumLibrary">
<doc>Click the element identified by ``locator``.</doc>
<arguments>
<arg>${BOTAO_ADD}</arg>
</arguments>
<msg timestamp="20200713 20:17:12.678" level="INFO">Clicking element 'class:btn-add'.</msg>
<status status="PASS" starttime="20200713 20:17:12.678" endtime="20200713 20:17:12.721"></status>
</kw>
<kw name="Choose File" library="SeleniumLibrary">
<doc>Inputs the ``file_path`` into the file input field ``locator``.</doc>
<arguments>
<arg>${CAMPO_FOTO}</arg>
<arg>${EXECDIR}/resources/images/${produto['img']}</arg>
</arguments>
<msg timestamp="20200713 20:17:12.722" level="INFO">Sending /Users/mairacelestino/roboweek/ninjachef/resources/images/nnhoque.jpg to browser.</msg>
<status status="PASS" starttime="20200713 20:17:12.722" endtime="20200713 20:17:12.768"></status>
</kw>
<kw name="Input Text" library="SeleniumLibrary">
<doc>Types the given ``text`` into the text field identified by ``locator``.</doc>
<arguments>
<arg>${CAMPO_NOME}</arg>
<arg>${produto['nome']}</arg>
</arguments>
<msg timestamp="20200713 20:17:12.769" level="INFO">Typing text 'Nnhoque molho párpica' into text field 'id:name'.</msg>
<status status="PASS" starttime="20200713 20:17:12.768" endtime="20200713 20:17:12.918"></status>
</kw>
<kw name="Input Text" library="SeleniumLibrary">
<doc>Types the given ``text`` into the text field identified by ``locator``.</doc>
<arguments>
<arg>${CAMPO_TIPO}</arg>
<arg>${produto['tipo']}</arg>
</arguments>
<msg timestamp="20200713 20:17:12.919" level="INFO">Typing text 'Massas' into text field 'id:plate'.</msg>
<status status="PASS" starttime="20200713 20:17:12.918" endtime="20200713 20:17:12.997"></status>
</kw>
<kw name="Input Text" library="SeleniumLibrary">
<doc>Types the given ``text`` into the text field identified by ``locator``.</doc>
<arguments>
<arg>${CAMPO_PRECO}</arg>
<arg>${produto['preco']}</arg>
</arguments>
<msg timestamp="20200713 20:17:12.998" level="INFO">Typing text '20.00' into text field 'id:price'.</msg>
<status status="PASS" starttime="20200713 20:17:12.998" endtime="20200713 20:17:13.076"></status>
</kw>
<kw name="Click Element" library="SeleniumLibrary">
<doc>Click the element identified by ``locator``.</doc>
<arguments>
<arg>${BOTAO_CAD}</arg>
</arguments>
<msg timestamp="20200713 20:17:13.077" level="INFO">Clicking element 'class:btn-cadastrar'.</msg>
<status status="PASS" starttime="20200713 20:17:13.077" endtime="20200713 20:17:13.151"></status>
</kw>
<kw name="Sleep" library="BuiltIn">
<doc>Pauses the test executed for the given time.</doc>
<arguments>
<arg>5</arg>
</arguments>
<msg timestamp="20200713 20:17:18.153" level="INFO">Slept 5 seconds</msg>
<status status="PASS" starttime="20200713 20:17:13.152" endtime="20200713 20:17:18.153"></status>
</kw>
<status status="PASS" starttime="20200713 20:17:12.654" endtime="20200713 20:17:18.154"></status>
</kw>
<kw name="Então devo ver este prato no meu dashboard" library="kws">
<kw name="Wait Until Element Contains" library="SeleniumLibrary">
<doc>Waits until the element ``locator`` contains ``text``.</doc>
<arguments>
<arg>${DIV_LISTA}</arg>
<arg>${produto['nome']}</arg>
</arguments>
<status status="PASS" starttime="20200713 20:17:18.155" endtime="20200713 20:17:18.191"></status>
</kw>
<status status="PASS" starttime="20200713 20:17:18.154" endtime="20200713 20:17:18.192"></status>
</kw>
<kw name="Close Session" library="base" type="teardown">
<kw name="Capture Page Screenshot" library="SeleniumLibrary">
<doc>Takes a screenshot of the current page and embeds it into a log file.</doc>
<msg timestamp="20200713 20:17:18.956" level="INFO" html="yes">&lt;/td&gt;&lt;/tr&gt;&lt;tr&gt;&lt;td colspan="3"&gt;&lt;a href="selenium-screenshot-29.png"&gt;&lt;img src="selenium-screenshot-29.png" width="800px"&gt;&lt;/a&gt;</msg>
<status status="PASS" starttime="20200713 20:17:18.193" endtime="20200713 20:17:18.956"></status>
</kw>
<kw name="Close Browser" library="SeleniumLibrary">
<doc>Closes the current browser.</doc>
<status status="PASS" starttime="20200713 20:17:18.957" endtime="20200713 20:17:19.036"></status>
</kw>
<status status="PASS" starttime="20200713 20:17:18.192" endtime="20200713 20:17:19.037"></status>
</kw>
<status status="PASS" starttime="20200713 20:16:57.945" endtime="20200713 20:17:19.037" critical="yes"></status>
</test>
<doc>Cadastro de produtos/pratos
Sendo um cozinheiro amador
Quero cadastrar meus melhores pratos
Para que eu possa cozinha-los para outras pessoas</doc>
<status status="PASS" starttime="20200713 20:16:57.935" endtime="20200713 20:17:19.039"></status>
</suite>
<status status="PASS" starttime="20200713 20:15:58.748" endtime="20200713 20:17:19.044"></status>
</suite>
<statistics>
<total>
<stat pass="4" fail="0">Critical Tests</stat>
<stat pass="4" fail="0">All Tests</stat>
</total>
<tag>
</tag>
<suite>
<stat pass="4" fail="0" id="s1" name="Tests">Tests</stat>
<stat pass="3" fail="0" id="s1-s1" name="Cadastro-Usuario">Tests.Cadastro-Usuario</stat>
<stat pass="1" fail="0" id="s1-s2" name="Produtos">Tests.Produtos</stat>
</suite>
</statistics>
<errors>
</errors>
</robot>
